<?xml version="1.0" encoding="UTF-8"?>
<!-- Generated by org.testng.reporters.JUnitReportReporter -->
<testsuite hostname="LAPTOP-IJ1EK4I5" failures="0" tests="2" name="qaclickacademy.MavenJava.AppiumTest" time="0.003" errors="0" timestamp="2022-07-17T17:47:20 IST" skipped="0">
  <testcase classname="qaclickacademy.MavenJava.AppiumTest" name="appiumTestMobileLogin" time="0.001"/>
  <system-out/>
  <testcase classname="qaclickacademy.MavenJava.AppiumTest" name="appiumTestWebLogin" time="0.002"/>
  <system-out/>
</testsuite> <!-- qaclickacademy.MavenJava.AppiumTest -->
