<?xml version="1.0" encoding="UTF-8"?>
<!-- Generated by org.testng.reporters.JUnitReportReporter -->
<testsuite hostname="LAPTOP-IJ1EK4I5" failures="0" tests="2" name="qaclickacademy.MavenJava.RESTAPITest" time="0.011" errors="0" timestamp="2022-07-17T17:47:20 IST" skipped="0">
  <testcase classname="qaclickacademy.MavenJava.RESTAPITest" name="restAPITestMobileLogin" time="0.010"/>
  <system-out/>
  <testcase classname="qaclickacademy.MavenJava.RESTAPITest" name="restAPITestWebLogin" time="0.001"/>
  <system-out/>
</testsuite> <!-- qaclickacademy.MavenJava.RESTAPITest -->
