<?xml version="1.0" encoding="UTF-8"?>
<!-- Generated by org.testng.reporters.JUnitReportReporter -->
<testsuite hostname="LAPTOP-IJ1EK4I5" failures="0" tests="2" name="qaclickacademy.MavenJava.SeleniumTest" time="0.004" errors="0" timestamp="2022-07-17T17:47:20 IST" skipped="0">
  <testcase classname="qaclickacademy.MavenJava.SeleniumTest" name="seleniumTestMobileLogin" time="0.002"/>
  <system-out/>
  <testcase classname="qaclickacademy.MavenJava.SeleniumTest" name="seleniumTestWebLogin" time="0.002"/>
  <system-out/>
</testsuite> <!-- qaclickacademy.MavenJava.SeleniumTest -->
