<?xml version="1.0" encoding="UTF-8"?>
<!-- Generated by org.testng.reporters.JUnitReportReporter -->
<testsuite hostname="LAPTOP-IJ1EK4I5" failures="0" tests="2" name="qaclickacademy.MavenJava.RESTAPITest" time="0.016" errors="0" timestamp="17 Jul 2022 12:32:08 GMT">
  <testcase classname="qaclickacademy.MavenJava.RESTAPITest" name="restAPITestMobileLogin" time="0.015"/>
  <testcase classname="qaclickacademy.MavenJava.RESTAPITest" name="restAPITestWebLogin" time="0.001"/>
</testsuite> <!-- qaclickacademy.MavenJava.RESTAPITest -->
