<?xml version="1.0" encoding="UTF-8"?>
<!-- Generated by org.testng.reporters.JUnitReportReporter -->
<testsuite hostname="LAPTOP-IJ1EK4I5" failures="0" tests="2" name="qaclickacademy.MavenJava.AppiumTest" time="0.000" errors="0" timestamp="17 Jul 2022 12:32:08 GMT">
  <testcase classname="qaclickacademy.MavenJava.AppiumTest" name="appiumTestWebLogin" time="0.000"/>
  <testcase classname="qaclickacademy.MavenJava.AppiumTest" name="appiumTestMobileLogin" time="0.000"/>
</testsuite> <!-- qaclickacademy.MavenJava.AppiumTest -->
